<?xml version="1.0" encoding="UTF-8"?>
<testng-results skipped="0" failed="0" total="2" passed="2">
  <reporter-output>
  </reporter-output>
  <suite name="Suite" duration-ms="12242" started-at="2019-01-22T21:06:21Z" finished-at="2019-01-22T21:06:33Z">
    <groups>
    </groups>
    <test name="Test" duration-ms="12242" started-at="2019-01-22T21:06:21Z" finished-at="2019-01-22T21:06:33Z">
      <class name="test.StartTest">
        <test-method status="PASS" signature="setUpSuite(java.lang.String, java.lang.String)[pri:0, instance:test.StartTest@6cc4c815]" name="setUpSuite" is-config="true" duration-ms="11" started-at="2019-01-23T00:06:21Z" finished-at="2019-01-23T00:06:21Z">
          <params>
            <param index="0">
              <value>
                <![CDATA[https://www.cian.ru/]]>
              </value>
            </param>
            <param index="1">
              <value>
                <![CDATA[Data2.xls]]>
              </value>
            </param>
          </params>
          <reporter-output>
          </reporter-output>
        </test-method> <!-- setUpSuite -->
        <test-method status="PASS" signature="cianSeach([Ljava.lang.Object;)[pri:0, instance:test.StartTest@6cc4c815]" name="cianSeach" duration-ms="9234" started-at="2019-01-23T00:06:21Z" data-provider="data-provider" finished-at="2019-01-23T00:06:30Z">
          <params>
            <param index="0">
              <value>
                <![CDATA[[Ljava.lang.Object;@4167d97b]]>
              </value>
            </param>
          </params>
          <reporter-output>
          </reporter-output>
        </test-method> <!-- cianSeach -->
        <test-method status="PASS" signature="cianSeach([Ljava.lang.Object;)[pri:0, instance:test.StartTest@6cc4c815]" name="cianSeach" duration-ms="2778" started-at="2019-01-23T00:06:30Z" data-provider="data-provider" finished-at="2019-01-23T00:06:33Z">
          <params>
            <param index="0">
              <value>
                <![CDATA[[Ljava.lang.Object;@14fa86ae]]>
              </value>
            </param>
          </params>
          <reporter-output>
          </reporter-output>
        </test-method> <!-- cianSeach -->
        <test-method status="FAIL" signature="tearDownSuite()[pri:0, instance:test.StartTest@6cc4c815]" name="tearDownSuite" is-config="true" duration-ms="0" started-at="2019-01-23T00:06:33Z" finished-at="2019-01-23T00:06:33Z">
          <exception class="java.lang.Error">
            <message>
              <![CDATA[Unresolved compilation problem: 
	driver cannot be resolved
]]>
            </message>
            <full-stacktrace>
              <![CDATA[java.lang.Error: Unresolved compilation problem: 
	driver cannot be resolved

	at test.StartTest.tearDownSuite(StartTest.java:47)
	at sun.reflect.NativeMethodAccessorImpl.invoke0(Native Method)
	at sun.reflect.NativeMethodAccessorImpl.invoke(Unknown Source)
	at sun.reflect.DelegatingMethodAccessorImpl.invoke(Unknown Source)
	at java.lang.reflect.Method.invoke(Unknown Source)
	at org.testng.internal.MethodInvocationHelper.invokeMethod(MethodInvocationHelper.java:85)
	at org.testng.internal.Invoker.invokeConfigurationMethod(Invoker.java:510)
	at org.testng.internal.Invoker.invokeConfigurations(Invoker.java:211)
	at org.testng.internal.Invoker.invokeConfigurations(Invoker.java:138)
	at org.testng.SuiteRunner.privateRun(SuiteRunner.java:329)
	at org.testng.SuiteRunner.run(SuiteRunner.java:261)
	at org.testng.SuiteRunnerWorker.runSuite(SuiteRunnerWorker.java:52)
	at org.testng.SuiteRunnerWorker.run(SuiteRunnerWorker.java:86)
	at org.testng.TestNG.runSuitesSequentially(TestNG.java:1215)
	at org.testng.TestNG.runSuitesLocally(TestNG.java:1140)
	at org.testng.TestNG.run(TestNG.java:1048)
	at org.testng.remote.AbstractRemoteTestNG.run(AbstractRemoteTestNG.java:114)
	at org.testng.remote.RemoteTestNG.initAndRun(RemoteTestNG.java:251)
	at org.testng.remote.RemoteTestNG.main(RemoteTestNG.java:77)
]]>
            </full-stacktrace>
          </exception> <!-- java.lang.Error -->
          <reporter-output>
          </reporter-output>
        </test-method> <!-- tearDownSuite -->
      </class> <!-- test.StartTest -->
    </test> <!-- Test -->
  </suite> <!-- Suite -->
</testng-results>
